<?xml version="1.0" encoding="UTF-8"?>
<!-- Generated by org.testng.reporters.JUnitReportReporter -->
<testsuite hostname="DESKTOP-U1E5492" failures="0" tests="1" name="com.martin.testcases.LoginTest" time="4.121" errors="0" timestamp="03 Jun 2020 20:48:04 GMT" skipped="0">
  <testcase classname="com.martin.testcases.LoginTest" name="loginAsBankManager" time="4.121"/>
</testsuite> <!-- com.martin.testcases.LoginTest -->
