<?xml version="1.0" encoding="UTF-8"?>
<!-- Generated by org.testng.reporters.JUnitReportReporter -->
<testsuite hostname="DESKTOP-U1E5492" failures="0" tests="1" name="com.martin.testcases.LoginTest" time="2.235" errors="0" timestamp="03 Jun 2020 19:57:44 GMT" skipped="0">
  <testcase classname="com.martin.testcases.LoginTest" name="loginAsBankManager" time="2.235"/>
</testsuite> <!-- com.martin.testcases.LoginTest -->
