<?xml version="1.0" encoding="UTF-8"?>
<!-- Generated by org.testng.reporters.JUnitReportReporter -->
<testsuite hostname="DESKTOP-U1E5492" failures="0" tests="1" name="com.martin.testcases.BankManagerLoginTest" time="4.458" errors="0" timestamp="15 Jun 2020 19:34:43 GMT" skipped="0">
  <testcase classname="com.martin.testcases.BankManagerLoginTest" name="loginAsBankManager" time="4.458"/>
</testsuite> <!-- com.martin.testcases.BankManagerLoginTest -->
